GLL (gll_daemon.cc   ) 19:30.32: [INFO] MRRM is listening at port 2504
GLL (gll_daemon.cc   ) 19:30.32: [INFO] WRAPPER is listening at port 5050
GLL (gll_daemon.cc   ) 19:30.32: [INFO] m_threadID = 135054336 - ret_ = 0
GLL (gll_al.cc       ) 19:30.32: [INFO] ARI_AL port 4001 is open
GLL (gll_im.cc       ) 19:30.32: [INFO] MGI port 6060 is open
GLL (gll_im.cc       ) 19:30.32: [INFO] ARI_IM port 3002 is open
GLL (gll_im.cc       ) 19:30.32: [INFO] SENT WSI_RegisterToACSF.Request
GLL (gll_im.cc       ) 19:30.32: [DUMP] SEND [33] 01 02 00 19 05 01 00 C0 
GLL (gll_im.cc       ) 19:30.32: [DUMP]           01 10 00 01 03 0A 01 00 
GLL (gll_im.cc       ) 19:30.32: [DUMP]           10 00 00 00 4E 00 00 00 
GLL (gll_im.cc       ) 19:30.32: [DUMP]           00 00 00 00 00 00 00 00 
GLL (gll_im.cc       ) 19:30.32: [DUMP]           00 
GLL (gll_daemon.cc   ) 19:30.32: [INFO] Going to main loop
GLL (ifaceTable.cc   ) 19:30.37: [INFO] new FIXED interface --- now we don't discard it
GLL (gll_al.cc       ) 19:30.37: [INFO] New interface available
GLL (gll_al.cc       ) 19:30.37: [INFO] Iface name: myk0
GLL (gll_al.cc       ) 19:30.37: [DUMP] MAC Addr [ 6] 00 0E 7B F6 C6 65 
GLL (gll_al.cc       ) 19:30.37: [INFO] Technology type = 101
GLL (gll_al.cc       ) 19:30.37: [INFO] SENT ARI_NewDevice.Request
GLL (gll_al.cc       ) 19:30.37: [DUMP] ARI  [30] 01 40 00 01 00 18 10 01 
GLL (gll_al.cc       ) 19:30.37: [DUMP]           00 02 01 01 40 01 00 04 
GLL (gll_al.cc       ) 19:30.37: [DUMP]           6D 79 6B 30 80 01 00 06 
GLL (gll_al.cc       ) 19:30.37: [DUMP]           00 0E 7B F6 C6 65 
GLL (gll_al.cc       ) 19:30.37: [INFO] New interface available
GLL (gll_al.cc       ) 19:30.37: [INFO] Iface name: ath0
GLL (gll_al.cc       ) 19:30.37: [DUMP] MAC Addr [ 6] 00 13 46 6C CA 36 
GLL (gll_al.cc       ) 19:30.37: [INFO] Technology type = 400
GLL (gll_al.cc       ) 19:30.37: [INFO] SENT ARI_NewDevice.Request
GLL (gll_al.cc       ) 19:30.37: [DUMP] ARI  [30] 01 40 00 01 00 18 10 01 
GLL (gll_al.cc       ) 19:30.37: [DUMP]           00 02 04 00 40 01 00 04 
GLL (gll_al.cc       ) 19:30.37: [DUMP]           61 74 68 30 80 01 00 06 
GLL (gll_al.cc       ) 19:30.37: [DUMP]           00 13 46 6C CA 36 
GLL (gll_im.cc       ) 19:30.37: [INFO] RCVD ARI_NewDevice
GLL (gll_im.cc       ) 19:30.37: [DUMP] ARI  [30] 01 40 00 01 00 18 10 01 
GLL (gll_im.cc       ) 19:30.37: [DUMP]           00 02 01 01 40 01 00 04 
GLL (gll_im.cc       ) 19:30.37: [DUMP]           6D 79 6B 30 80 01 00 06 
GLL (gll_im.cc       ) 19:30.37: [DUMP]           00 0E 7B F6 C6 65 
GLL (gll_im.cc       ) 19:30.37: [INFO] Device Identifier = myk0
GLL (gll_im.cc       ) 19:30.37: [INFO] Technology Type = 101
GLL (gll_im.cc       ) 19:30.37: [INFO] RCVD ARI_NewDevice
GLL (gll_im.cc       ) 19:30.37: [DUMP] ARI  [30] 01 40 00 01 00 18 10 01 
GLL (gll_im.cc       ) 19:30.37: [DUMP]           00 02 04 00 40 01 00 04 
GLL (gll_im.cc       ) 19:30.37: [DUMP]           61 74 68 30 80 01 00 06 
GLL (gll_im.cc       ) 19:30.37: [DUMP]           00 13 46 6C CA 36 
GLL (gll_im.cc       ) 19:30.37: [INFO] Device Identifier = ath0
GLL (gll_im.cc       ) 19:30.37: [INFO] Technology Type = 400
GLL (gll_im.cc       ) 19:30.37: [INFO] SENT MGI_DeviceRegistration.Request
GLL (gll_im.cc       ) 19:30.37: [DUMP] SEND [46] 01 01 00 26 01 01 00 C0 
GLL (gll_im.cc       ) 19:30.37: [DUMP]           01 02 00 04 28 8C 04 00 
GLL (gll_im.cc       ) 19:30.37: [DUMP]           04 01 00 04 61 74 68 30 
GLL (gll_im.cc       ) 19:30.37: [DUMP]           05 01 00 02 17 AC 06 01 
GLL (gll_im.cc       ) 19:30.37: [DUMP]           00 04 00 00 00 03 06 03 
GLL (gll_im.cc       ) 19:30.37: [DUMP]           00 04 00 10 00 01 
GLL (gll_im.cc       ) 19:30.37: [INFO] gllIM is receiving a packet
GLL (gll_im.cc       ) 19:30.37: [DUMP] RX   [21] 01 01 00 0D 01 01 01 00 
GLL (gll_im.cc       ) 19:30.37: [DUMP]           04 01 00 04 61 74 68 30 
GLL (gll_im.cc       ) 19:30.37: [DUMP]           01 01 00 01 01 
GLL (gll_im.cc       ) 19:30.37: [INFO] RCVD MGI_DeviceRegistration.Answer
GLL (gll_im.cc       ) 19:30.37: [INFO] 	dev = ath0 - resultcode = 1
GLL (gll_im.cc       ) 19:30.37: [INFO] gllIM is receiving a packet
GLL (gll_im.cc       ) 19:30.37: [DUMP] RX   [69] 01 01 00 3D 01 03 00 40 
GLL (gll_im.cc       ) 19:30.37: [DUMP]           04 01 00 04 61 74 68 30 
GLL (gll_im.cc       ) 19:30.37: [DUMP]           02 01 00 31 01 07 00 04 
GLL (gll_im.cc       ) 19:30.37: [DUMP]           00 00 00 30 04 06 00 08 
GLL (gll_im.cc       ) 19:30.37: [DUMP]           0A 00 00 19 0A 00 00 28 
GLL (gll_im.cc       ) 19:30.37: [DUMP]           08 0B 00 04 00 00 27 10 
GLL (gll_im.cc       ) 19:30.37: [DUMP]           08 0C 00 01 FF 01 09 00 
GLL (gll_im.cc       ) 19:30.37: [DUMP]           04 00 00 00 01 08 0D 00 
GLL (gll_im.cc       ) 19:30.37: [DUMP]           04 00 00 01 F4 
GLL (gll_im.cc       ) 19:30.37: [INFO] RCVD MGI_CandidateReport.Request
GLL (gll_im.cc       ) 19:30.37: [INFO] Report every 10000 msec from ath0
GLL (gll_im.cc       ) 19:30.37: [INFO] SENT MGI_CandidateReport.Answer
GLL (gll_im.cc       ) 19:30.37: [INFO] 	- ResultCode = 1
GLL (gll_im.cc       ) 19:30.37: [DUMP] SEND [21] 01 01 00 0D 01 03 01 80 
GLL (gll_im.cc       ) 19:30.37: [DUMP]           01 01 00 01 01 04 01 00 
GLL (gll_im.cc       ) 19:30.37: [DUMP]           04 61 74 68 30 
GLL (gll_im.cc       ) 19:30.47: [INFO] Timer expired, get SNR of device ath0
GLL (gll_im.cc       ) 19:30.47: [INFO] SENT ARI_CandidateReport.Request
GLL (gll_im.cc       ) 19:30.47: [DUMP] ARI  [14] 01 40 00 02 00 08 40 01 
GLL (gll_im.cc       ) 19:30.47: [DUMP]           00 04 61 74 68 30 
GLL (gll_al.cc       ) 19:30.47: [INFO] RCVD ARI_CandidateReport
GLL (gll_al.cc       ) 19:30.47: [DUMP] RX   [14] 01 40 00 02 00 08 40 01 
GLL (gll_al.cc       ) 19:30.47: [DUMP]           00 04 61 74 68 30 
GLL (gll_al.cc       ) 19:30.53: [INFO] SENT ARI_CandidateReport.Indication
GLL (gll_al.cc       ) 19:30.53: [INFO] 	- Device ID : ath0
GLL (gll_al.cc       ) 19:30.53: [DUMP] ARI  [41] 01 C0 00 02 00 23 40 01 
GLL (gll_al.cc       ) 19:30.53: [DUMP]           00 04 61 74 68 30 40 02 
GLL (gll_al.cc       ) 19:30.53: [DUMP]           00 07 6A 63 68 6F 71 75 
GLL (gll_al.cc       ) 19:30.53: [DUMP]           65 50 01 00 02 00 30 80 
GLL (gll_al.cc       ) 19:30.53: [DUMP]           02 00 06 00 11 95 F3 85 
GLL (gll_al.cc       ) 19:30.53: [DUMP]           2E 
GLL (gll_al.cc       ) 19:30.53: [INFO] SENT ARI_CandidateReport.Indication
GLL (gll_al.cc       ) 19:30.53: [INFO] 	- Device ID : ath0
GLL (gll_al.cc       ) 19:30.53: [DUMP] ARI  [41] 01 C0 00 02 00 23 40 01 
GLL (gll_al.cc       ) 19:30.53: [DUMP]           00 04 61 74 68 30 40 02 
GLL (gll_al.cc       ) 19:30.53: [DUMP]           00 07 41 69 72 47 54 41 
GLL (gll_al.cc       ) 19:30.53: [DUMP]           53 50 01 00 02 00 13 80 
GLL (gll_al.cc       ) 19:30.53: [DUMP]           02 00 06 00 12 17 C2 50 
GLL (gll_al.cc       ) 19:30.53: [DUMP]           93 
GLL (gll_al.cc       ) 19:30.53: [INFO] SENT ARI_CandidateReport.Indication
GLL (gll_al.cc       ) 19:30.53: [INFO] 	- Device ID : ath0
GLL (gll_al.cc       ) 19:30.53: [DUMP] ARI  [38] 01 C0 00 02 00 20 40 01 
GLL (gll_al.cc       ) 19:30.53: [DUMP]           00 04 61 74 68 30 40 02 
GLL (gll_al.cc       ) 19:30.53: [DUMP]           00 04 47 54 41 53 50 01 
GLL (gll_al.cc       ) 19:30.53: [DUMP]           00 02 00 08 80 02 00 06 
GLL (gll_al.cc       ) 19:30.53: [DUMP]           00 12 17 D7 97 19 
GLL (gll_al.cc       ) 19:30.53: [INFO] SENT ARI_CandidateReport.Indication
GLL (gll_al.cc       ) 19:30.53: [INFO] 	- Device ID : ath0
GLL (gll_al.cc       ) 19:30.53: [DUMP] ARI  [39] 01 C0 00 02 00 21 40 01 
GLL (gll_al.cc       ) 19:30.53: [DUMP]           00 04 61 74 68 30 40 02 
GLL (gll_al.cc       ) 19:30.53: [DUMP]           00 05 67 74 61 73 33 50 
GLL (gll_al.cc       ) 19:30.53: [DUMP]           01 00 02 00 03 80 02 00 
GLL (gll_al.cc       ) 19:30.53: [DUMP]           06 00 13 10 7A E4 45 
GLL (gll_al.cc       ) 19:30.53: [INFO] SENT ARI_CandidateReport.Indication
GLL (gll_al.cc       ) 19:30.53: [INFO] 	- Device ID : ath0
GLL (gll_al.cc       ) 19:30.53: [DUMP] ARI  [37] 01 C0 00 02 00 1F 40 01 
GLL (gll_al.cc       ) 19:30.53: [DUMP]           00 04 61 74 68 30 40 02 
GLL (gll_al.cc       ) 19:30.53: [DUMP]           00 03 47 49 54 50 01 00 
GLL (gll_al.cc       ) 19:30.53: [DUMP]           02 00 29 80 02 00 06 00 
GLL (gll_al.cc       ) 19:30.53: [DUMP]           16 B6 2B 84 CE 
GLL (gll_al.cc       ) 19:30.53: [INFO] SENT ARI_CandidateReport.Indication
GLL (gll_al.cc       ) 19:30.53: [INFO] 	- Device ID : ath0
GLL (gll_al.cc       ) 19:30.53: [DUMP] ARI  [41] 01 C0 00 02 00 23 40 01 
GLL (gll_al.cc       ) 19:30.53: [DUMP]           00 04 61 74 68 30 40 02 
GLL (gll_al.cc       ) 19:30.53: [DUMP]           00 07 47 54 41 53 47 45 
GLL (gll_al.cc       ) 19:30.53: [DUMP]           4E 50 01 00 02 00 0B 80 
GLL (gll_al.cc       ) 19:30.53: [DUMP]           02 00 06 00 16 B6 C1 1E 
GLL (gll_al.cc       ) 19:30.53: [DUMP]           8F 
GLL (gll_im.cc       ) 19:30.53: [INFO] RCVD ARI_CandidateReport
GLL (gll_im.cc       ) 19:30.53: [DUMP] ARI  [41] 01 C0 00 02 00 23 40 01 
GLL (gll_im.cc       ) 19:30.53: [DUMP]           00 04 61 74 68 30 40 02 
GLL (gll_im.cc       ) 19:30.53: [DUMP]           00 07 6A 63 68 6F 71 75 
GLL (gll_im.cc       ) 19:30.53: [DUMP]           65 50 01 00 02 00 30 80 
GLL (gll_im.cc       ) 19:30.53: [DUMP]           02 00 06 00 11 95 F3 85 
GLL (gll_im.cc       ) 19:30.53: [DUMP]           2E 
GLL (gll_im.cc       ) 19:30.53: [INFO] Network ID = jchoque
GLL (gll_im.cc       ) 19:30.53: [DUMP] CellID [ 8] 00 11 95 F3 85 2E 00 00 
GLL (gll_im.cc       ) 19:30.53: [INFO] Rssi = 48
GLL (gll_im.cc       ) 19:30.53: [INFO] SENT MGI_CandidateReport.Indication
GLL (gll_im.cc       ) 19:30.53: [DUMP] SEND [56] 01 01 00 30 01 03 03 80 
GLL (gll_im.cc       ) 19:30.53: [DUMP]           01 02 00 04 28 8C 04 00 
GLL (gll_im.cc       ) 19:30.53: [DUMP]           02 02 00 05 07 0F 00 01 
GLL (gll_im.cc       ) 19:30.53: [DUMP]           30 04 01 00 04 61 74 68 
GLL (gll_im.cc       ) 19:30.53: [DUMP]           30 08 04 00 08 00 11 95 
GLL (gll_im.cc       ) 19:30.53: [DUMP]           F3 85 2E 00 00 09 02 00 
GLL (gll_im.cc       ) 19:30.53: [DUMP]           07 6A 63 68 6F 71 75 65 
GLL (gll_im.cc       ) 19:30.53: [INFO] RCVD ARI_CandidateReport
GLL (gll_im.cc       ) 19:30.53: [DUMP] ARI  [41] 01 C0 00 02 00 23 40 01 
GLL (gll_im.cc       ) 19:30.53: [DUMP]           00 04 61 74 68 30 40 02 
GLL (gll_im.cc       ) 19:30.53: [DUMP]           00 07 41 69 72 47 54 41 
GLL (gll_im.cc       ) 19:30.53: [DUMP]           53 50 01 00 02 00 13 80 
GLL (gll_im.cc       ) 19:30.53: [DUMP]           02 00 06 00 12 17 C2 50 
GLL (gll_im.cc       ) 19:30.53: [DUMP]           93 
GLL (gll_im.cc       ) 19:30.53: [INFO] Network ID = AirGTAS
GLL (gll_im.cc       ) 19:30.53: [DUMP] CellID [ 8] 00 12 17 C2 50 93 00 00 
GLL (gll_im.cc       ) 19:30.53: [INFO] Rssi = 19
GLL (gll_im.cc       ) 19:30.53: [INFO] SENT MGI_CandidateReport.Indication
GLL (gll_im.cc       ) 19:30.53: [DUMP] SEND [56] 01 01 00 30 01 03 03 80 
GLL (gll_im.cc       ) 19:30.53: [DUMP]           01 02 00 04 28 8C 04 00 
GLL (gll_im.cc       ) 19:30.53: [DUMP]           02 02 00 05 07 0F 00 01 
GLL (gll_im.cc       ) 19:30.53: [DUMP]           13 04 01 00 04 61 74 68 
GLL (gll_im.cc       ) 19:30.53: [DUMP]           30 08 04 00 08 00 12 17 
GLL (gll_im.cc       ) 19:30.53: [DUMP]           C2 50 93 00 00 09 02 00 
GLL (gll_im.cc       ) 19:30.53: [DUMP]           07 41 69 72 47 54 41 53 
GLL (gll_im.cc       ) 19:30.53: [INFO] RCVD ARI_CandidateReport
GLL (gll_im.cc       ) 19:30.53: [DUMP] ARI  [38] 01 C0 00 02 00 20 40 01 
GLL (gll_im.cc       ) 19:30.53: [DUMP]           00 04 61 74 68 30 40 02 
GLL (gll_im.cc       ) 19:30.53: [DUMP]           00 04 47 54 41 53 50 01 
GLL (gll_im.cc       ) 19:30.53: [DUMP]           00 02 00 08 80 02 00 06 
GLL (gll_im.cc       ) 19:30.53: [DUMP]           00 12 17 D7 97 19 
GLL (gll_im.cc       ) 19:30.53: [INFO] Network ID = GTAS
GLL (gll_im.cc       ) 19:30.53: [DUMP] CellID [ 8] 00 12 17 D7 97 19 00 00 
GLL (gll_im.cc       ) 19:30.53: [INFO] Rssi = 8
GLL (gll_im.cc       ) 19:30.53: [INFO] SENT MGI_CandidateReport.Indication
GLL (gll_im.cc       ) 19:30.53: [DUMP] SEND [53] 01 01 00 2D 01 03 03 80 
GLL (gll_im.cc       ) 19:30.53: [DUMP]           01 02 00 04 28 8C 04 00 
GLL (gll_im.cc       ) 19:30.53: [DUMP]           02 02 00 05 07 0F 00 01 
GLL (gll_im.cc       ) 19:30.53: [DUMP]           08 04 01 00 04 61 74 68 
GLL (gll_im.cc       ) 19:30.53: [DUMP]           30 08 04 00 08 00 12 17 
GLL (gll_im.cc       ) 19:30.53: [DUMP]           D7 97 19 00 00 09 02 00 
GLL (gll_im.cc       ) 19:30.53: [DUMP]           04 47 54 41 53 
GLL (gll_im.cc       ) 19:30.53: [INFO] RCVD ARI_CandidateReport
GLL (gll_im.cc       ) 19:30.53: [DUMP] ARI  [39] 01 C0 00 02 00 21 40 01 
GLL (gll_im.cc       ) 19:30.53: [DUMP]           00 04 61 74 68 30 40 02 
GLL (gll_im.cc       ) 19:30.53: [DUMP]           00 05 67 74 61 73 33 50 
GLL (gll_im.cc       ) 19:30.53: [DUMP]           01 00 02 00 03 80 02 00 
GLL (gll_im.cc       ) 19:30.53: [DUMP]           06 00 13 10 7A E4 45 
GLL (gll_im.cc       ) 19:30.53: [INFO] Network ID = gtas3
GLL (gll_im.cc       ) 19:30.53: [DUMP] CellID [ 8] 00 13 10 7A E4 45 00 00 
GLL (gll_im.cc       ) 19:30.53: [INFO] Rssi = 3
GLL (gll_im.cc       ) 19:30.53: [INFO] SENT MGI_CandidateReport.Indication
GLL (gll_im.cc       ) 19:30.53: [DUMP] SEND [54] 01 01 00 2E 01 03 03 80 
GLL (gll_im.cc       ) 19:30.53: [DUMP]           01 02 00 04 28 8C 04 00 
GLL (gll_im.cc       ) 19:30.53: [DUMP]           02 02 00 05 07 0F 00 01 
GLL (gll_im.cc       ) 19:30.53: [DUMP]           03 04 01 00 04 61 74 68 
GLL (gll_im.cc       ) 19:30.53: [DUMP]           30 08 04 00 08 00 13 10 
GLL (gll_im.cc       ) 19:30.53: [DUMP]           7A E4 45 00 00 09 02 00 
GLL (gll_im.cc       ) 19:30.53: [DUMP]           05 67 74 61 73 33 
GLL (gll_im.cc       ) 19:30.53: [INFO] RCVD ARI_CandidateReport
GLL (gll_im.cc       ) 19:30.53: [DUMP] ARI  [37] 01 C0 00 02 00 1F 40 01 
GLL (gll_im.cc       ) 19:30.53: [DUMP]           00 04 61 74 68 30 40 02 
GLL (gll_im.cc       ) 19:30.53: [DUMP]           00 03 47 49 54 50 01 00 
GLL (gll_im.cc       ) 19:30.53: [DUMP]           02 00 29 80 02 00 06 00 
GLL (gll_im.cc       ) 19:30.53: [DUMP]           16 B6 2B 84 CE 
GLL (gll_im.cc       ) 19:30.53: [INFO] Network ID = GIT
GLL (gll_im.cc       ) 19:30.53: [DUMP] CellID [ 8] 00 16 B6 2B 84 CE 00 00 
GLL (gll_im.cc       ) 19:30.53: [INFO] Rssi = 41
GLL (gll_im.cc       ) 19:30.53: [INFO] SENT MGI_CandidateReport.Indication
GLL (gll_im.cc       ) 19:30.53: [DUMP] SEND [52] 01 01 00 2C 01 03 03 80 
GLL (gll_im.cc       ) 19:30.53: [DUMP]           01 02 00 04 28 8C 04 00 
GLL (gll_im.cc       ) 19:30.53: [DUMP]           02 02 00 05 07 0F 00 01 
GLL (gll_im.cc       ) 19:30.53: [DUMP]           29 04 01 00 04 61 74 68 
GLL (gll_im.cc       ) 19:30.53: [DUMP]           30 08 04 00 08 00 16 B6 
GLL (gll_im.cc       ) 19:30.53: [DUMP]           2B 84 CE 00 00 09 02 00 
GLL (gll_im.cc       ) 19:30.53: [DUMP]           03 47 49 54 
GLL (gll_im.cc       ) 19:30.53: [INFO] RCVD ARI_CandidateReport
GLL (gll_im.cc       ) 19:30.53: [DUMP] ARI  [41] 01 C0 00 02 00 23 40 01 
GLL (gll_im.cc       ) 19:30.53: [DUMP]           00 04 61 74 68 30 40 02 
GLL (gll_im.cc       ) 19:30.53: [DUMP]           00 07 47 54 41 53 47 45 
GLL (gll_im.cc       ) 19:30.53: [DUMP]           4E 50 01 00 02 00 0B 80 
GLL (gll_im.cc       ) 19:30.53: [DUMP]           02 00 06 00 16 B6 C1 1E 
GLL (gll_im.cc       ) 19:30.53: [DUMP]           8F 
GLL (gll_im.cc       ) 19:30.53: [INFO] Network ID = GTASGEN
GLL (gll_im.cc       ) 19:30.53: [DUMP] CellID [ 8] 00 16 B6 C1 1E 8F 00 00 
GLL (gll_im.cc       ) 19:30.53: [INFO] Rssi = 11
GLL (gll_im.cc       ) 19:30.53: [INFO] SENT MGI_CandidateReport.Indication
GLL (gll_im.cc       ) 19:30.53: [DUMP] SEND [56] 01 01 00 30 01 03 03 80 
GLL (gll_im.cc       ) 19:30.53: [DUMP]           01 02 00 04 28 8C 04 00 
GLL (gll_im.cc       ) 19:30.53: [DUMP]           02 02 00 05 07 0F 00 01 
GLL (gll_im.cc       ) 19:30.53: [DUMP]           0B 04 01 00 04 61 74 68 
GLL (gll_im.cc       ) 19:30.53: [DUMP]           30 08 04 00 08 00 16 B6 
GLL (gll_im.cc       ) 19:30.53: [DUMP]           C1 1E 8F 00 00 09 02 00 
GLL (gll_im.cc       ) 19:30.53: [DUMP]           07 47 54 41 53 47 45 4E 
GLL (gll_im.cc       ) 19:30.53: [INFO] gllIM is receiving a packet
GLL (gll_im.cc       ) 19:30.53: [DUMP] RX   [52] 01 01 00 2C 01 05 00 40 
GLL (gll_im.cc       ) 19:30.53: [DUMP]           04 01 00 04 61 74 68 30 
GLL (gll_im.cc       ) 19:30.53: [DUMP]           09 02 00 07 6A 63 68 6F 
GLL (gll_im.cc       ) 19:30.53: [DUMP]           71 75 65 08 04 00 08 00 
GLL (gll_im.cc       ) 19:30.53: [DUMP]           11 95 F3 85 2E 00 00 08 
GLL (gll_im.cc       ) 19:30.53: [DUMP]           02 00 04 00 00 00 40 01 
GLL (gll_im.cc       ) 19:30.53: [DUMP]           06 00 01 01 
GLL (gll_im.cc       ) 19:30.53: [INFO] RCVD MGI_LinkAttach.Request
GLL (gll_im.cc       ) 19:30.53: [INFO] SENT ARI_LinkAttach.Request
GLL (gll_im.cc       ) 19:30.53: [DUMP] ARI  [25] 01 40 00 03 00 13 40 01 
GLL (gll_im.cc       ) 19:30.53: [DUMP]           00 04 61 74 68 30 40 02 
GLL (gll_im.cc       ) 19:30.53: [DUMP]           00 07 6A 63 68 6F 71 75 
GLL (gll_im.cc       ) 19:30.53: [DUMP]           65 
GLL (gll_im.cc       ) 19:30.53: [INFO] Device ath0 - is waiting link attach
GLL (gll_im.cc       ) 19:30.53: [INFO] 	- Network ID = jchoque
GLL (gll_im.cc       ) 19:30.53: [INFO] 	- Local Link ID = 64
GLL (gll_im.cc       ) 19:30.53: [DUMP] BSSID [ 8] 00 11 95 F3 85 2E 00 00 
GLL (gll_al.cc       ) 19:30.53: [INFO] RCVD ARI_LinkAttach
GLL (gll_al.cc       ) 19:30.53: [DUMP] RX   [25] 01 40 00 03 00 13 40 01 
GLL (gll_al.cc       ) 19:30.53: [DUMP]           00 04 61 74 68 30 40 02 
GLL (gll_al.cc       ) 19:30.53: [DUMP]           00 07 6A 63 68 6F 71 75 
GLL (gll_al.cc       ) 19:30.53: [DUMP]           65 
GLL (netInterface.cc ) 19:30.53: [INFO] Connecting to jchoque
GLL (gll_im.cc       ) 19:30.53: [INFO] gllIM is receiving a packet
GLL (gll_im.cc       ) 19:30.53: [DUMP] RX   [52] 01 01 00 2C 01 05 00 40 
GLL (gll_im.cc       ) 19:30.53: [DUMP]           04 01 00 04 61 74 68 30 
GLL (gll_im.cc       ) 19:30.53: [DUMP]           09 02 00 07 6A 63 68 6F 
GLL (gll_im.cc       ) 19:30.53: [DUMP]           71 75 65 08 04 00 08 00 
GLL (gll_im.cc       ) 19:30.53: [DUMP]           11 95 F3 85 2E 00 00 08 
GLL (gll_im.cc       ) 19:30.53: [DUMP]           02 00 04 00 00 00 40 01 
GLL (gll_im.cc       ) 19:30.53: [DUMP]           06 00 01 01 
GLL (gll_im.cc       ) 19:30.53: [INFO] RCVD MGI_LinkAttach.Request
GLL (gll_im.cc       ) 19:30.53: [INFO] SENT ARI_LinkAttach.Request
GLL (gll_im.cc       ) 19:30.53: [DUMP] ARI  [25] 01 40 00 03 00 13 40 01 
GLL (gll_im.cc       ) 19:30.53: [DUMP]           00 04 61 74 68 30 40 02 
GLL (gll_im.cc       ) 19:30.53: [DUMP]           00 07 6A 63 68 6F 71 75 
GLL (gll_im.cc       ) 19:30.53: [DUMP]           65 
GLL (gll_im.cc       ) 19:30.53: [INFO] Device ath0 - is waiting link attach
GLL (gll_im.cc       ) 19:30.53: [INFO] 	- Network ID = jchoque
GLL (gll_im.cc       ) 19:30.53: [INFO] 	- Local Link ID = 64
GLL (gll_im.cc       ) 19:30.53: [DUMP] BSSID [ 8] 00 11 95 F3 85 2E 00 00 
GLL (gll_al.cc       ) 19:30.53: [INFO] RCVD ARI_LinkAttach
GLL (gll_al.cc       ) 19:30.53: [DUMP] RX   [25] 01 40 00 03 00 13 40 01 
GLL (gll_al.cc       ) 19:30.53: [DUMP]           00 04 61 74 68 30 40 02 
GLL (gll_al.cc       ) 19:30.53: [DUMP]           00 07 6A 63 68 6F 71 75 
GLL (gll_al.cc       ) 19:30.53: [DUMP]           65 
GLL (netInterface.cc ) 19:30.53: [INFO] Connecting to jchoque
GLL (gll_im.cc       ) 19:30.53: [INFO] gllIM is receiving a packet
GLL (gll_im.cc       ) 19:30.53: [DUMP] RX   [52] 01 01 00 2C 01 05 00 40 
GLL (gll_im.cc       ) 19:30.53: [DUMP]           04 01 00 04 61 74 68 30 
GLL (gll_im.cc       ) 19:30.53: [DUMP]           09 02 00 07 6A 63 68 6F 
GLL (gll_im.cc       ) 19:30.53: [DUMP]           71 75 65 08 04 00 08 00 
GLL (gll_im.cc       ) 19:30.53: [DUMP]           11 95 F3 85 2E 00 00 08 
GLL (gll_im.cc       ) 19:30.53: [DUMP]           02 00 04 00 00 00 40 01 
GLL (gll_im.cc       ) 19:30.53: [DUMP]           06 00 01 01 
GLL (gll_im.cc       ) 19:30.53: [INFO] RCVD MGI_LinkAttach.Request
GLL (gll_im.cc       ) 19:30.53: [INFO] SENT ARI_LinkAttach.Request
GLL (gll_im.cc       ) 19:30.53: [DUMP] ARI  [25] 01 40 00 03 00 13 40 01 
GLL (gll_im.cc       ) 19:30.53: [DUMP]           00 04 61 74 68 30 40 02 
GLL (gll_im.cc       ) 19:30.53: [DUMP]           00 07 6A 63 68 6F 71 75 
GLL (gll_im.cc       ) 19:30.53: [DUMP]           65 
GLL (gll_im.cc       ) 19:30.53: [INFO] Device ath0 - is waiting link attach
GLL (gll_im.cc       ) 19:30.53: [INFO] 	- Network ID = jchoque
GLL (gll_im.cc       ) 19:30.53: [INFO] 	- Local Link ID = 64
GLL (gll_im.cc       ) 19:30.53: [DUMP] BSSID [ 8] 00 11 95 F3 85 2E 00 00 
GLL (gll_al.cc       ) 19:30.53: [INFO] RCVD ARI_LinkAttach
GLL (gll_al.cc       ) 19:30.53: [DUMP] RX   [25] 01 40 00 03 00 13 40 01 
GLL (gll_al.cc       ) 19:30.53: [DUMP]           00 04 61 74 68 30 40 02 
GLL (gll_al.cc       ) 19:30.53: [DUMP]           00 07 6A 63 68 6F 71 75 
GLL (gll_al.cc       ) 19:30.53: [DUMP]           65 
GLL (netInterface.cc ) 19:30.53: [INFO] Connecting to jchoque
GLL (gll_im.cc       ) 19:30.53: [INFO] gllIM is receiving a packet
GLL (gll_im.cc       ) 19:30.53: [DUMP] RX   [52] 01 01 00 2C 01 05 00 40 
GLL (gll_im.cc       ) 19:30.53: [DUMP]           04 01 00 04 61 74 68 30 
GLL (gll_im.cc       ) 19:30.53: [DUMP]           09 02 00 07 6A 63 68 6F 
GLL (gll_im.cc       ) 19:30.53: [DUMP]           71 75 65 08 04 00 08 00 
GLL (gll_im.cc       ) 19:30.53: [DUMP]           11 95 F3 85 2E 00 00 08 
GLL (gll_im.cc       ) 19:30.53: [DUMP]           02 00 04 00 00 00 40 01 
GLL (gll_im.cc       ) 19:30.53: [DUMP]           06 00 01 01 
GLL (gll_im.cc       ) 19:30.53: [INFO] RCVD MGI_LinkAttach.Request
GLL (gll_im.cc       ) 19:30.53: [INFO] SENT ARI_LinkAttach.Request
GLL (gll_im.cc       ) 19:30.53: [DUMP] ARI  [25] 01 40 00 03 00 13 40 01 
GLL (gll_im.cc       ) 19:30.53: [DUMP]           00 04 61 74 68 30 40 02 
GLL (gll_im.cc       ) 19:30.53: [DUMP]           00 07 6A 63 68 6F 71 75 
GLL (gll_im.cc       ) 19:30.53: [DUMP]           65 
GLL (gll_im.cc       ) 19:30.53: [INFO] Device ath0 - is waiting link attach
GLL (gll_im.cc       ) 19:30.53: [INFO] 	- Network ID = jchoque
GLL (gll_im.cc       ) 19:30.53: [INFO] 	- Local Link ID = 64
GLL (gll_im.cc       ) 19:30.53: [DUMP] BSSID [ 8] 00 11 95 F3 85 2E 00 00 
GLL (gll_al.cc       ) 19:30.53: [INFO] RCVD ARI_LinkAttach
GLL (gll_al.cc       ) 19:30.53: [DUMP] RX   [25] 01 40 00 03 00 13 40 01 
GLL (gll_al.cc       ) 19:30.53: [DUMP]           00 04 61 74 68 30 40 02 
GLL (gll_al.cc       ) 19:30.53: [DUMP]           00 07 6A 63 68 6F 71 75 
GLL (gll_al.cc       ) 19:30.53: [DUMP]           65 
GLL (netInterface.cc ) 19:30.53: [INFO] Connecting to jchoque
GLL (gll_im.cc       ) 19:30.53: [INFO] gllIM is receiving a packet
GLL (gll_im.cc       ) 19:30.53: [DUMP] RX   [52] 01 01 00 2C 01 05 00 40 
GLL (gll_im.cc       ) 19:30.53: [DUMP]           04 01 00 04 61 74 68 30 
GLL (gll_im.cc       ) 19:30.53: [DUMP]           09 02 00 07 6A 63 68 6F 
GLL (gll_im.cc       ) 19:30.53: [DUMP]           71 75 65 08 04 00 08 00 
GLL (gll_im.cc       ) 19:30.53: [DUMP]           11 95 F3 85 2E 00 00 08 
GLL (gll_im.cc       ) 19:30.53: [DUMP]           02 00 04 00 00 00 40 01 
GLL (gll_im.cc       ) 19:30.53: [DUMP]           06 00 01 01 
GLL (gll_im.cc       ) 19:30.53: [INFO] RCVD MGI_LinkAttach.Request
GLL (gll_im.cc       ) 19:30.53: [INFO] SENT ARI_LinkAttach.Request
GLL (gll_im.cc       ) 19:30.53: [DUMP] ARI  [25] 01 40 00 03 00 13 40 01 
GLL (gll_im.cc       ) 19:30.53: [DUMP]           00 04 61 74 68 30 40 02 
GLL (gll_im.cc       ) 19:30.53: [DUMP]           00 07 6A 63 68 6F 71 75 
GLL (gll_im.cc       ) 19:30.53: [DUMP]           65 
GLL (gll_im.cc       ) 19:30.53: [INFO] Device ath0 - is waiting link attach
GLL (gll_im.cc       ) 19:30.53: [INFO] 	- Network ID = jchoque
GLL (gll_im.cc       ) 19:30.53: [INFO] 	- Local Link ID = 64
GLL (gll_im.cc       ) 19:30.53: [DUMP] BSSID [ 8] 00 11 95 F3 85 2E 00 00 
GLL (gll_al.cc       ) 19:30.53: [INFO] RCVD ARI_LinkAttach
GLL (gll_al.cc       ) 19:30.53: [DUMP] RX   [25] 01 40 00 03 00 13 40 01 
GLL (gll_al.cc       ) 19:30.53: [DUMP]           00 04 61 74 68 30 40 02 
GLL (gll_al.cc       ) 19:30.53: [DUMP]           00 07 6A 63 68 6F 71 75 
GLL (gll_al.cc       ) 19:30.53: [DUMP]           65 
GLL (netInterface.cc ) 19:30.53: [INFO] Connecting to jchoque
GLL (gll_im.cc       ) 19:30.53: [INFO] gllIM is receiving a packet
GLL (gll_im.cc       ) 19:30.53: [DUMP] RX   [52] 01 01 00 2C 01 05 00 40 
GLL (gll_im.cc       ) 19:30.53: [DUMP]           04 01 00 04 61 74 68 30 
GLL (gll_im.cc       ) 19:30.53: [DUMP]           09 02 00 07 6A 63 68 6F 
GLL (gll_im.cc       ) 19:30.53: [DUMP]           71 75 65 08 04 00 08 00 
GLL (gll_im.cc       ) 19:30.53: [DUMP]           11 95 F3 85 2E 00 00 08 
GLL (gll_im.cc       ) 19:30.53: [DUMP]           02 00 04 00 00 00 40 01 
GLL (gll_im.cc       ) 19:30.53: [DUMP]           06 00 01 01 
GLL (gll_im.cc       ) 19:30.53: [INFO] RCVD MGI_LinkAttach.Request
GLL (gll_im.cc       ) 19:30.53: [INFO] SENT ARI_LinkAttach.Request
GLL (gll_im.cc       ) 19:30.53: [DUMP] ARI  [25] 01 40 00 03 00 13 40 01 
GLL (gll_im.cc       ) 19:30.53: [DUMP]           00 04 61 74 68 30 40 02 
GLL (gll_im.cc       ) 19:30.53: [DUMP]           00 07 6A 63 68 6F 71 75 
GLL (gll_im.cc       ) 19:30.53: [DUMP]           65 
GLL (gll_im.cc       ) 19:30.53: [INFO] Device ath0 - is waiting link attach
GLL (gll_im.cc       ) 19:30.53: [INFO] 	- Network ID = jchoque
GLL (gll_im.cc       ) 19:30.53: [INFO] 	- Local Link ID = 64
GLL (gll_im.cc       ) 19:30.53: [DUMP] BSSID [ 8] 00 11 95 F3 85 2E 00 00 
GLL (gll_al.cc       ) 19:30.53: [INFO] RCVD ARI_LinkAttach
GLL (gll_al.cc       ) 19:30.53: [DUMP] RX   [25] 01 40 00 03 00 13 40 01 
GLL (gll_al.cc       ) 19:30.53: [DUMP]           00 04 61 74 68 30 40 02 
GLL (gll_al.cc       ) 19:30.53: [DUMP]           00 07 6A 63 68 6F 71 75 
GLL (gll_al.cc       ) 19:30.53: [DUMP]           65 
GLL (netInterface.cc ) 19:30.53: [INFO] Connecting to jchoque
GLL (netInterface.cc ) 19:31.02: [INFO] Interface ath0 is associated
GLL (gll_al.cc       ) 19:31.02: [DUMP] SSID [ 6] 00 00 00 00 00 00 
GLL (netInterface.cc ) 19:31.02: [DUMP] BSSID [ 6] 00 11 95 F3 85 2E 
GLL (gll_al.cc       ) 19:31.02: [INFO] SENT ARI_LinkAttach.Indication
GLL (gll_al.cc       ) 19:31.02: [DUMP] ARI  [35] 01 C0 00 03 00 1D 40 01 
GLL (gll_al.cc       ) 19:31.02: [DUMP]           00 04 61 74 68 30 40 02 
GLL (gll_al.cc       ) 19:31.02: [DUMP]           00 07 6A 63 68 6F 71 75 
GLL (gll_al.cc       ) 19:31.02: [DUMP]           65 80 02 00 06 00 11 95 
GLL (gll_al.cc       ) 19:31.02: [DUMP]           F3 85 2E 
GLL (gll_im.cc       ) 19:31.02: [INFO] RCVD ARI_LinkAttach
GLL (gll_im.cc       ) 19:31.02: [DUMP] ARI  [35] 01 C0 00 03 00 1D 40 01 
GLL (gll_im.cc       ) 19:31.02: [DUMP]           00 04 61 74 68 30 40 02 
GLL (gll_im.cc       ) 19:31.02: [DUMP]           00 07 6A 63 68 6F 71 75 
GLL (gll_im.cc       ) 19:31.02: [DUMP]           65 80 02 00 06 00 11 95 
GLL (gll_im.cc       ) 19:31.02: [DUMP]           F3 85 2E 
GLL (gll_im.cc       ) 19:31.02: [INFO] Connected with network jchoque
GLL (gll_im.cc       ) 19:31.02: [INFO] Local Link ID = 64
GLL (gll_im.cc       ) 19:31.02: [INFO] SENT MGI_LinkAttach.Answer
GLL (gll_im.cc       ) 19:31.02: [DUMP] SEND [26] 01 01 00 12 01 05 01 80 
GLL (gll_im.cc       ) 19:31.02: [DUMP]           01 01 00 01 01 04 01 00 
GLL (gll_im.cc       ) 19:31.02: [DUMP]           04 61 74 68 30 08 02 00 
GLL (gll_im.cc       ) 19:31.02: [DUMP]           01 40 
GLL (gll_im.cc       ) 19:31.02: [INFO] SENT WSI_LinkAttach.Answer
GLL (gll_im.cc       ) 19:31.02: [DUMP] SEND [27] 01 02 00 13 03 01 01 80 
GLL (gll_im.cc       ) 19:31.02: [DUMP]           04 01 00 04 61 74 68 30 
GLL (gll_im.cc       ) 19:31.02: [DUMP]           09 02 00 07 6A 63 68 6F 
GLL (gll_im.cc       ) 19:31.02: [DUMP]           71 75 65 
GLL (gll_im.cc       ) 19:31.02: [INFO] gllIM is receiving a packet
GLL (gll_im.cc       ) 19:31.02: [DUMP] RX   [77] 01 01 00 45 01 0B 00 40 
GLL (gll_im.cc       ) 19:31.02: [DUMP]           04 01 00 04 61 74 68 30 
GLL (gll_im.cc       ) 19:31.02: [DUMP]           08 02 00 04 00 00 00 40 
GLL (gll_im.cc       ) 19:31.02: [DUMP]           02 01 00 31 01 07 00 04 
GLL (gll_im.cc       ) 19:31.02: [DUMP]           00 00 00 30 04 06 00 08 
GLL (gll_im.cc       ) 19:31.02: [DUMP]           0B 00 00 19 0B 00 00 28 
GLL (gll_im.cc       ) 19:31.02: [DUMP]           08 0B 00 04 00 00 27 10 
GLL (gll_im.cc       ) 19:31.02: [DUMP]           08 0C 00 01 FF 01 09 00 
GLL (gll_im.cc       ) 19:31.02: [DUMP]           04 00 00 00 01 08 0D 00 
GLL (gll_im.cc       ) 19:31.02: [DUMP]           04 00 00 01 F4 
GLL (gll_im.cc       ) 19:31.02: [INFO] RCVD MGI_LinkReport.Request
GLL (gll_im.cc       ) 19:31.02: [INFO] Report every 10000 msec from ath0
GLL (gll_im.cc       ) 19:31.02: [INFO] Local Link ID = 64
GLL (gll_im.cc       ) 19:31.02: [INFO] SENT MGI_LinkAttach.Answer
GLL (gll_im.cc       ) 19:31.02: [DUMP] SEND [26] 01 01 00 12 01 0B 01 80 
GLL (gll_im.cc       ) 19:31.02: [DUMP]           01 01 00 01 01 04 01 00 
GLL (gll_im.cc       ) 19:31.02: [DUMP]           04 61 74 68 30 08 02 00 
GLL (gll_im.cc       ) 19:31.02: [DUMP]           01 40 
GLL (gll_im.cc       ) 19:31.02: [ERR ] Received CandidateReport.Type, GLL IM is not able to handle type
GLL (netInterface.cc ) 19:31.02: [INFO] Interface ath0 is associated
GLL (gll_al.cc       ) 19:31.02: [DUMP] SSID [ 6] 00 00 00 00 00 00 
GLL (netInterface.cc ) 19:31.02: [DUMP] BSSID [ 6] 00 11 95 F3 85 2E 
GLL (gll_al.cc       ) 19:31.02: [INFO] SENT ARI_LinkAttach.Indication
GLL (gll_al.cc       ) 19:31.02: [DUMP] ARI  [35] 01 C0 00 03 00 1D 40 01 
GLL (gll_al.cc       ) 19:31.02: [DUMP]           00 04 61 74 68 30 40 02 
GLL (gll_al.cc       ) 19:31.02: [DUMP]           00 07 6A 63 68 6F 71 75 
GLL (gll_al.cc       ) 19:31.02: [DUMP]           65 80 02 00 06 00 11 95 
GLL (gll_al.cc       ) 19:31.02: [DUMP]           F3 85 2E 
GLL (gll_im.cc       ) 19:31.02: [INFO] RCVD ARI_LinkAttach
GLL (gll_im.cc       ) 19:31.02: [DUMP] ARI  [35] 01 C0 00 03 00 1D 40 01 
GLL (gll_im.cc       ) 19:31.02: [DUMP]           00 04 61 74 68 30 40 02 
GLL (gll_im.cc       ) 19:31.02: [DUMP]           00 07 6A 63 68 6F 71 75 
GLL (gll_im.cc       ) 19:31.02: [DUMP]           65 80 02 00 06 00 11 95 
GLL (gll_im.cc       ) 19:31.02: [DUMP]           F3 85 2E 
GLL (netInterface.cc ) 19:31.02: [INFO] Interface ath0 is associated
GLL (gll_al.cc       ) 19:31.02: [DUMP] SSID [ 6] 00 00 00 00 00 00 
GLL (netInterface.cc ) 19:31.02: [DUMP] BSSID [ 6] 00 11 95 F3 85 2E 
GLL (gll_al.cc       ) 19:31.02: [INFO] SENT ARI_LinkAttach.Indication
GLL (gll_al.cc       ) 19:31.02: [DUMP] ARI  [35] 01 C0 00 03 00 1D 40 01 
GLL (gll_al.cc       ) 19:31.02: [DUMP]           00 04 61 74 68 30 40 02 
GLL (gll_al.cc       ) 19:31.02: [DUMP]           00 07 6A 63 68 6F 71 75 
GLL (gll_al.cc       ) 19:31.02: [DUMP]           65 80 02 00 06 00 11 95 
GLL (gll_al.cc       ) 19:31.02: [DUMP]           F3 85 2E 
GLL (gll_im.cc       ) 19:31.02: [INFO] RCVD ARI_LinkAttach
GLL (gll_im.cc       ) 19:31.02: [DUMP] ARI  [35] 01 C0 00 03 00 1D 40 01 
GLL (gll_im.cc       ) 19:31.02: [DUMP]           00 04 61 74 68 30 40 02 
GLL (gll_im.cc       ) 19:31.02: [DUMP]           00 07 6A 63 68 6F 71 75 
GLL (gll_im.cc       ) 19:31.02: [DUMP]           65 80 02 00 06 00 11 95 
GLL (gll_im.cc       ) 19:31.02: [DUMP]           F3 85 2E 
GLL (netInterface.cc ) 19:31.02: [INFO] Interface ath0 is associated
GLL (gll_al.cc       ) 19:31.02: [DUMP] SSID [ 6] 00 00 00 00 00 00 
GLL (netInterface.cc ) 19:31.02: [DUMP] BSSID [ 6] 00 11 95 F3 85 2E 
GLL (gll_al.cc       ) 19:31.02: [INFO] SENT ARI_LinkAttach.Indication
GLL (gll_al.cc       ) 19:31.02: [DUMP] ARI  [35] 01 C0 00 03 00 1D 40 01 
GLL (gll_al.cc       ) 19:31.02: [DUMP]           00 04 61 74 68 30 40 02 
GLL (gll_al.cc       ) 19:31.02: [DUMP]           00 07 6A 63 68 6F 71 75 
GLL (gll_al.cc       ) 19:31.02: [DUMP]           65 80 02 00 06 00 11 95 
GLL (gll_al.cc       ) 19:31.02: [DUMP]           F3 85 2E 
GLL (gll_im.cc       ) 19:31.02: [INFO] RCVD ARI_LinkAttach
GLL (gll_im.cc       ) 19:31.02: [DUMP] ARI  [35] 01 C0 00 03 00 1D 40 01 
GLL (gll_im.cc       ) 19:31.02: [DUMP]           00 04 61 74 68 30 40 02 
GLL (gll_im.cc       ) 19:31.02: [DUMP]           00 07 6A 63 68 6F 71 75 
GLL (gll_im.cc       ) 19:31.02: [DUMP]           65 80 02 00 06 00 11 95 
GLL (gll_im.cc       ) 19:31.02: [DUMP]           F3 85 2E 
GLL (netInterface.cc ) 19:31.02: [INFO] Interface ath0 is associated
GLL (gll_al.cc       ) 19:31.02: [DUMP] SSID [ 6] 00 00 00 00 00 00 
GLL (netInterface.cc ) 19:31.02: [DUMP] BSSID [ 6] 00 11 95 F3 85 2E 
GLL (gll_al.cc       ) 19:31.02: [INFO] SENT ARI_LinkAttach.Indication
GLL (gll_al.cc       ) 19:31.02: [DUMP] ARI  [35] 01 C0 00 03 00 1D 40 01 
GLL (gll_al.cc       ) 19:31.02: [DUMP]           00 04 61 74 68 30 40 02 
GLL (gll_al.cc       ) 19:31.02: [DUMP]           00 07 6A 63 68 6F 71 75 
GLL (gll_al.cc       ) 19:31.02: [DUMP]           65 80 02 00 06 00 11 95 
GLL (gll_al.cc       ) 19:31.02: [DUMP]           F3 85 2E 
GLL (gll_im.cc       ) 19:31.02: [INFO] RCVD ARI_LinkAttach
GLL (gll_im.cc       ) 19:31.02: [DUMP] ARI  [35] 01 C0 00 03 00 1D 40 01 
GLL (gll_im.cc       ) 19:31.02: [DUMP]           00 04 61 74 68 30 40 02 
GLL (gll_im.cc       ) 19:31.02: [DUMP]           00 07 6A 63 68 6F 71 75 
GLL (gll_im.cc       ) 19:31.02: [DUMP]           65 80 02 00 06 00 11 95 
GLL (gll_im.cc       ) 19:31.02: [DUMP]           F3 85 2E 
GLL (netInterface.cc ) 19:31.02: [INFO] Interface ath0 is associated
GLL (gll_al.cc       ) 19:31.02: [DUMP] SSID [ 6] 00 00 00 00 00 00 
GLL (netInterface.cc ) 19:31.02: [DUMP] BSSID [ 6] 00 11 95 F3 85 2E 
GLL (gll_al.cc       ) 19:31.02: [INFO] SENT ARI_LinkAttach.Indication
GLL (gll_al.cc       ) 19:31.02: [DUMP] ARI  [35] 01 C0 00 03 00 1D 40 01 
GLL (gll_al.cc       ) 19:31.02: [DUMP]           00 04 61 74 68 30 40 02 
GLL (gll_al.cc       ) 19:31.02: [DUMP]           00 07 6A 63 68 6F 71 75 
GLL (gll_al.cc       ) 19:31.02: [DUMP]           65 80 02 00 06 00 11 95 
GLL (gll_al.cc       ) 19:31.02: [DUMP]           F3 85 2E 
GLL (gll_im.cc       ) 19:31.02: [INFO] RCVD ARI_LinkAttach
GLL (gll_im.cc       ) 19:31.02: [DUMP] ARI  [35] 01 C0 00 03 00 1D 40 01 
GLL (gll_im.cc       ) 19:31.02: [DUMP]           00 04 61 74 68 30 40 02 
GLL (gll_im.cc       ) 19:31.02: [DUMP]           00 07 6A 63 68 6F 71 75 
GLL (gll_im.cc       ) 19:31.02: [DUMP]           65 80 02 00 06 00 11 95 
GLL (gll_im.cc       ) 19:31.02: [DUMP]           F3 85 2E 
GLL (gll_im.cc       ) 19:31.12: [INFO] SENT ARI_LinkReport.Request
GLL (gll_im.cc       ) 19:31.12: [DUMP] ARI  [14] 01 40 00 04 00 08 40 01 
GLL (gll_im.cc       ) 19:31.12: [DUMP]           00 04 61 74 68 30 
GLL (gll_al.cc       ) 19:31.12: [INFO] RCVD ARI_LinkReport
GLL (gll_al.cc       ) 19:31.12: [DUMP] RX   [14] 01 40 00 04 00 08 40 01 
GLL (gll_al.cc       ) 19:31.12: [DUMP]           00 04 61 74 68 30 
GLL (gll_al.cc       ) 19:31.12: [INFO] SENT ARI_LinkReport.Indication
GLL (gll_al.cc       ) 19:31.12: [DUMP] ARI  [20] 01 C0 00 04 00 0E 40 01 
GLL (gll_al.cc       ) 19:31.12: [DUMP]           00 04 61 74 68 30 50 01 
GLL (gll_al.cc       ) 19:31.12: [DUMP]           00 02 00 33 
GLL (gll_im.cc       ) 19:31.12: [INFO] RCVD ARI_LinkReport
GLL (gll_im.cc       ) 19:31.12: [DUMP] ARI  [20] 01 C0 00 04 00 0E 40 01 
GLL (gll_im.cc       ) 19:31.12: [DUMP]           00 04 61 74 68 30 50 01 
GLL (gll_im.cc       ) 19:31.12: [DUMP]           00 02 00 33 
GLL (gll_im.cc       ) 19:31.12: [INFO] LINK QUAL at GLL IM is 51
GLL (gll_im.cc       ) 19:31.12: [INFO] Local Link ID = 64
GLL (gll_im.cc       ) 19:31.12: [INFO] SENT MGI_LinkReport.Indication
GLL (gll_im.cc       ) 19:31.12: [DUMP] SEND [30] 01 01 00 16 01 0B 03 80 
GLL (gll_im.cc       ) 19:31.12: [DUMP]           02 02 00 05 07 0F 00 01 
GLL (gll_im.cc       ) 19:31.12: [DUMP]           33 04 01 00 04 61 74 68 
GLL (gll_im.cc       ) 19:31.12: [DUMP]           30 08 02 00 01 40 
GLL (GLL_main.cc     ) 19:31.22: [INFO] Recieved SIGINT/SIGTERM signal
GLL (gll_daemon.cc   ) 19:31.22: [INFO] m_threadID = 135054336, pthread_self = 135053312
GLL (gll_im.cc       ) 19:31.22: [INFO] SENT WSI_UnregisterToACSF.Request
GLL (gll_im.cc       ) 19:31.22: [DUMP] SEND [13] 01 02 00 05 05 02 00 C0 
GLL (gll_im.cc       ) 19:31.22: [DUMP]           01 10 00 01 03 
