HTTP/1.1 200 OK
Server: Apache-Coyote/1.1
Content-Type: text/xml;charset=utf-8
Date: Mon, 24 Sep 2007 16:11:21 GMT
Connection: close

<?xml version="1.0" encoding="utf-8"?><soapenv:Envelope xmlns:soapenv="http://schemas.xmlsoap.org/soap/envelope/" xmlns:xsd="http://www.w3.org/2001/XMLSchema" xmlns:xsi="http://www.w3.org/2001/XMLSchema-instance"><soapenv:Body><ns1:lookupURIResponse soapenv:encodingStyle="http://schemas.xmlsoap.org/soap/encoding/" xmlns:ns1="http://lookupcomponent"><lookupURIReturn xsi:type="xsd:string">http://localhost:8020</lookupURIReturn></ns1:lookupURIResponse></soapenv:Body></soapenv:Envelope>HTTP/1.1 500 Internal Server Error
Server: gSOAP/2.7
Content-Type: text/xml; charset=utf-8
Content-Length: 699
Connection: close

<?xml version="1.0" encoding="UTF-8"?>
<SOAP-ENV:Envelope xmlns:SOAP-ENV="http://schemas.xmlsoap.org/soap/envelope/" xmlns:SOAP-ENC="http://schemas.xmlsoap.org/soap/encoding/" xmlns:xsi="http://www.w3.org/2001/XMLSchema-instance" xmlns:xsd="http://www.w3.org/2001/XMLSchema" xmlns:trg-producer="urn:trg_producer" xmlns:trg-consumer="urn:trg_consumer" xmlns:trg-gui="urn:trg_gui" xmlns:consumer="urn:consumer" xmlns:trg="urn:trg"><SOAP-ENV:Body><SOAP-ENV:Fault SOAP-ENV:encodingStyle="http://schemas.xmlsoap.org/soap/encoding/"><faultcode>SOAP-ENV:VersionMismatch</faultcode><faultstring>SOAP version mismatch or invalid SOAP message</faultstring></SOAP-ENV:Fault></SOAP-ENV:Body></SOAP-ENV:Envelope>HTTP/1.1 500 Internal Server Error
Server: gSOAP/2.7
Content-Type: text/xml; charset=utf-8
Content-Length: 699
Connection: close

<?xml version="1.0" encoding="UTF-8"?>
<SOAP-ENV:Envelope xmlns:SOAP-ENV="http://schemas.xmlsoap.org/soap/envelope/" xmlns:SOAP-ENC="http://schemas.xmlsoap.org/soap/encoding/" xmlns:xsi="http://www.w3.org/2001/XMLSchema-instance" xmlns:xsd="http://www.w3.org/2001/XMLSchema" xmlns:trg-producer="urn:trg_producer" xmlns:trg-consumer="urn:trg_consumer" xmlns:trg-gui="urn:trg_gui" xmlns:consumer="urn:consumer" xmlns:trg="urn:trg"><SOAP-ENV:Body><SOAP-ENV:Fault SOAP-ENV:encodingStyle="http://schemas.xmlsoap.org/soap/encoding/"><faultcode>SOAP-ENV:VersionMismatch</faultcode><faultstring>SOAP version mismatch or invalid SOAP message</faultstring></SOAP-ENV:Fault></SOAP-ENV:Body></SOAP-ENV:Envelope>HTTP/1.1 200 OK
Server: Apache-Coyote/1.1
Content-Type: text/xml;charset=utf-8
Date: Mon, 24 Sep 2007 16:44:32 GMT
Connection: close

<?xml version="1.0" encoding="utf-8"?><soapenv:Envelope xmlns:soapenv="http://schemas.xmlsoap.org/soap/envelope/" xmlns:xsd="http://www.w3.org/2001/XMLSchema" xmlns:xsi="http://www.w3.org/2001/XMLSchema-instance"><soapenv:Body><ns1:lookupURIResponse soapenv:encodingStyle="http://schemas.xmlsoap.org/soap/encoding/" xmlns:ns1="http://lookupcomponent"><lookupURIReturn xsi:type="xsd:string" xsi:nil="true"/></ns1:lookupURIResponse></soapenv:Body></soapenv:Envelope>HTTP/1.1 200 OK
Server: Apache-Coyote/1.1
Content-Type: text/xml;charset=utf-8
Date: Mon, 24 Sep 2007 17:28:17 GMT
Connection: close

<?xml version="1.0" encoding="utf-8"?><soapenv:Envelope xmlns:soapenv="http://schemas.xmlsoap.org/soap/envelope/" xmlns:xsd="http://www.w3.org/2001/XMLSchema" xmlns:xsi="http://www.w3.org/2001/XMLSchema-instance"><soapenv:Body><ns1:lookupURIResponse soapenv:encodingStyle="http://schemas.xmlsoap.org/soap/encoding/" xmlns:ns1="http://lookupcomponent"><lookupURIReturn xsi:type="xsd:string" xsi:nil="true"/></ns1:lookupURIResponse></soapenv:Body></soapenv:Envelope>HTTP/1.1 200 OK
Server: Apache-Coyote/1.1
Content-Type: text/xml;charset=utf-8
Date: Mon, 24 Sep 2007 17:38:16 GMT
Connection: close

<?xml version="1.0" encoding="utf-8"?><soapenv:Envelope xmlns:soapenv="http://schemas.xmlsoap.org/soap/envelope/" xmlns:xsd="http://www.w3.org/2001/XMLSchema" xmlns:xsi="http://www.w3.org/2001/XMLSchema-instance"><soapenv:Body><ns1:lookupURIResponse soapenv:encodingStyle="http://schemas.xmlsoap.org/soap/encoding/" xmlns:ns1="http://lookupcomponent"><lookupURIReturn xsi:type="xsd:string">http://localhost:8020</lookupURIReturn></ns1:lookupURIResponse></soapenv:Body></soapenv:Envelope>HTTP/1.1 500 Internal Server Error
Server: gSOAP/2.7
Content-Type: text/xml; charset=utf-8
Content-Length: 699
Connection: close

<?xml version="1.0" encoding="UTF-8"?>
<SOAP-ENV:Envelope xmlns:SOAP-ENV="http://schemas.xmlsoap.org/soap/envelope/" xmlns:SOAP-ENC="http://schemas.xmlsoap.org/soap/encoding/" xmlns:xsi="http://www.w3.org/2001/XMLSchema-instance" xmlns:xsd="http://www.w3.org/2001/XMLSchema" xmlns:trg-producer="urn:trg_producer" xmlns:trg-consumer="urn:trg_consumer" xmlns:trg-gui="urn:trg_gui" xmlns:consumer="urn:consumer" xmlns:trg="urn:trg"><SOAP-ENV:Body><SOAP-ENV:Fault SOAP-ENV:encodingStyle="http://schemas.xmlsoap.org/soap/encoding/"><faultcode>SOAP-ENV:VersionMismatch</faultcode><faultstring>SOAP version mismatch or invalid SOAP message</faultstring></SOAP-ENV:Fault></SOAP-ENV:Body></SOAP-ENV:Envelope>HTTP/1.1 500 Internal Server Error
Server: gSOAP/2.7
Content-Type: text/xml; charset=utf-8
Content-Length: 699
Connection: close

<?xml version="1.0" encoding="UTF-8"?>
<SOAP-ENV:Envelope xmlns:SOAP-ENV="http://schemas.xmlsoap.org/soap/envelope/" xmlns:SOAP-ENC="http://schemas.xmlsoap.org/soap/encoding/" xmlns:xsi="http://www.w3.org/2001/XMLSchema-instance" xmlns:xsd="http://www.w3.org/2001/XMLSchema" xmlns:trg-producer="urn:trg_producer" xmlns:trg-consumer="urn:trg_consumer" xmlns:trg-gui="urn:trg_gui" xmlns:consumer="urn:consumer" xmlns:trg="urn:trg"><SOAP-ENV:Body><SOAP-ENV:Fault SOAP-ENV:encodingStyle="http://schemas.xmlsoap.org/soap/encoding/"><faultcode>SOAP-ENV:VersionMismatch</faultcode><faultstring>SOAP version mismatch or invalid SOAP message</faultstring></SOAP-ENV:Fault></SOAP-ENV:Body></SOAP-ENV:Envelope>HTTP/1.1 200 OK
Server: Apache-Coyote/1.1
Content-Type: text/xml;charset=utf-8
Date: Mon, 24 Sep 2007 17:51:10 GMT
Connection: close

<?xml version="1.0" encoding="utf-8"?><soapenv:Envelope xmlns:soapenv="http://schemas.xmlsoap.org/soap/envelope/" xmlns:xsd="http://www.w3.org/2001/XMLSchema" xmlns:xsi="http://www.w3.org/2001/XMLSchema-instance"><soapenv:Body><ns1:lookupURIResponse soapenv:encodingStyle="http://schemas.xmlsoap.org/soap/encoding/" xmlns:ns1="http://lookupcomponent"><lookupURIReturn xsi:type="xsd:string" xsi:nil="true"/></ns1:lookupURIResponse></soapenv:Body></soapenv:Envelope>HTTP/1.1 200 OK
Server: Apache-Coyote/1.1
Content-Type: text/xml;charset=utf-8
Date: Mon, 24 Sep 2007 17:52:09 GMT
Connection: close

<?xml version="1.0" encoding="utf-8"?><soapenv:Envelope xmlns:soapenv="http://schemas.xmlsoap.org/soap/envelope/" xmlns:xsd="http://www.w3.org/2001/XMLSchema" xmlns:xsi="http://www.w3.org/2001/XMLSchema-instance"><soapenv:Body><ns1:lookupURIResponse soapenv:encodingStyle="http://schemas.xmlsoap.org/soap/encoding/" xmlns:ns1="http://lookupcomponent"><lookupURIReturn xsi:type="xsd:string" xsi:nil="true"/></ns1:lookupURIResponse></soapenv:Body></soapenv:Envelope>HTTP/1.1 200 OK
Server: Apache-Coyote/1.1
Content-Type: text/xml;charset=utf-8
Date: Mon, 24 Sep 2007 17:59:37 GMT
Connection: close

<?xml version="1.0" encoding="utf-8"?><soapenv:Envelope xmlns:soapenv="http://schemas.xmlsoap.org/soap/envelope/" xmlns:xsd="http://www.w3.org/2001/XMLSchema" xmlns:xsi="http://www.w3.org/2001/XMLSchema-instance"><soapenv:Body><ns1:lookupURIResponse soapenv:encodingStyle="http://schemas.xmlsoap.org/soap/encoding/" xmlns:ns1="http://lookupcomponent"><lookupURIReturn xsi:type="xsd:string">http://localhost:8020</lookupURIReturn></ns1:lookupURIResponse></soapenv:Body></soapenv:Envelope>HTTP/1.1 500 Internal Server Error
Server: gSOAP/2.7
Content-Type: text/xml; charset=utf-8
Content-Length: 699
Connection: close

<?xml version="1.0" encoding="UTF-8"?>
<SOAP-ENV:Envelope xmlns:SOAP-ENV="http://schemas.xmlsoap.org/soap/envelope/" xmlns:SOAP-ENC="http://schemas.xmlsoap.org/soap/encoding/" xmlns:xsi="http://www.w3.org/2001/XMLSchema-instance" xmlns:xsd="http://www.w3.org/2001/XMLSchema" xmlns:trg-producer="urn:trg_producer" xmlns:trg-consumer="urn:trg_consumer" xmlns:trg-gui="urn:trg_gui" xmlns:consumer="urn:consumer" xmlns:trg="urn:trg"><SOAP-ENV:Body><SOAP-ENV:Fault SOAP-ENV:encodingStyle="http://schemas.xmlsoap.org/soap/encoding/"><faultcode>SOAP-ENV:VersionMismatch</faultcode><faultstring>SOAP version mismatch or invalid SOAP message</faultstring></SOAP-ENV:Fault></SOAP-ENV:Body></SOAP-ENV:Envelope>HTTP/1.1 500 Internal Server Error
Server: gSOAP/2.7
Content-Type: text/xml; charset=utf-8
Content-Length: 699
Connection: close

<?xml version="1.0" encoding="UTF-8"?>
<SOAP-ENV:Envelope xmlns:SOAP-ENV="http://schemas.xmlsoap.org/soap/envelope/" xmlns:SOAP-ENC="http://schemas.xmlsoap.org/soap/encoding/" xmlns:xsi="http://www.w3.org/2001/XMLSchema-instance" xmlns:xsd="http://www.w3.org/2001/XMLSchema" xmlns:trg-producer="urn:trg_producer" xmlns:trg-consumer="urn:trg_consumer" xmlns:trg-gui="urn:trg_gui" xmlns:consumer="urn:consumer" xmlns:trg="urn:trg"><SOAP-ENV:Body><SOAP-ENV:Fault SOAP-ENV:encodingStyle="http://schemas.xmlsoap.org/soap/encoding/"><faultcode>SOAP-ENV:VersionMismatch</faultcode><faultstring>SOAP version mismatch or invalid SOAP message</faultstring></SOAP-ENV:Fault></SOAP-ENV:Body></SOAP-ENV:Envelope>HTTP/1.1 200 OK
Server: Apache-Coyote/1.1
Content-Type: text/xml;charset=utf-8
Date: Mon, 24 Sep 2007 18:00:39 GMT
Connection: close

<?xml version="1.0" encoding="utf-8"?><soapenv:Envelope xmlns:soapenv="http://schemas.xmlsoap.org/soap/envelope/" xmlns:xsd="http://www.w3.org/2001/XMLSchema" xmlns:xsi="http://www.w3.org/2001/XMLSchema-instance"><soapenv:Body><ns1:lookupURIResponse soapenv:encodingStyle="http://schemas.xmlsoap.org/soap/encoding/" xmlns:ns1="http://lookupcomponent"><lookupURIReturn xsi:type="xsd:string" xsi:nil="true"/></ns1:lookupURIResponse></soapenv:Body></soapenv:Envelope>HTTP/1.1 200 OK
Server: Apache-Coyote/1.1
Content-Type: text/xml;charset=utf-8
Date: Mon, 24 Sep 2007 18:01:03 GMT
Connection: close

<?xml version="1.0" encoding="utf-8"?><soapenv:Envelope xmlns:soapenv="http://schemas.xmlsoap.org/soap/envelope/" xmlns:xsd="http://www.w3.org/2001/XMLSchema" xmlns:xsi="http://www.w3.org/2001/XMLSchema-instance"><soapenv:Body><ns1:lookupURIResponse soapenv:encodingStyle="http://schemas.xmlsoap.org/soap/encoding/" xmlns:ns1="http://lookupcomponent"><lookupURIReturn xsi:type="xsd:string" xsi:nil="true"/></ns1:lookupURIResponse></soapenv:Body></soapenv:Envelope>